  Building Custom Rule C:/Users/Admin/Desktop/OpenGLLab/assimp-master/assimp-master/tools/assimp_cmd/CMakeLists.txt
cl : command line warning D9002: ignoring unknown option '-g'
cl : command line warning D9002: ignoring unknown option '-O0'
cl : command line warning D9002: ignoring unknown option '-fprofile-arcs'
cl : command line warning D9002: ignoring unknown option '-ftest-coverage'
cl : command line warning D9002: ignoring unknown option '-g'
cl : command line warning D9002: ignoring unknown option '-O0'
cl : command line warning D9002: ignoring unknown option '-fprofile-arcs'
  CompareDump.cpp
cl : command line warning D9002: ignoring unknown option '-ftest-coverage'
cl : command line warning D9002: ignoring unknown option '-g'
cl : command line warning D9002: ignoring unknown option '-O0'
cl : command line warning D9002: ignoring unknown option '-fprofile-arcs'
  ImageExtractor.cpp
cl : command line warning D9002: ignoring unknown option '-ftest-coverage'
cl : command line warning D9002: ignoring unknown option '-g'
cl : command line warning D9002: ignoring unknown option '-O0'
cl : command line warning D9002: ignoring unknown option '-fprofile-arcs'
  Main.cpp
cl : command line warning D9002: ignoring unknown option '-ftest-coverage'
cl : command line warning D9002: ignoring unknown option '-g'
cl : command line warning D9002: ignoring unknown option '-O0'
cl : command line warning D9002: ignoring unknown option '-fprofile-arcs'
  WriteDumb.cpp
cl : command line warning D9002: ignoring unknown option '-ftest-coverage'
cl : command line warning D9002: ignoring unknown option '-g'
cl : command line warning D9002: ignoring unknown option '-O0'
cl : command line warning D9002: ignoring unknown option '-fprofile-arcs'
  Info.cpp
cl : command line warning D9002: ignoring unknown option '-ftest-coverage'
cl : command line warning D9002: ignoring unknown option '-g'
cl : command line warning D9002: ignoring unknown option '-O0'
cl : command line warning D9002: ignoring unknown option '-fprofile-arcs'
  Export.cpp
cl : command line warning D9002: ignoring unknown option '-ftest-coverage'
C:\Users\Admin\Desktop\OpenGLLab\assimp-master\assimp-master\tools\assimp_cmd\WriteDumb.cpp(178,29): warning C4244: 'argument': conversion from 'const TReal' to 'const float', possible loss of data
C:\Users\Admin\Desktop\OpenGLLab\assimp-master\assimp-master\tools\assimp_cmd\WriteDumb.cpp(178,29): warning C4244:         with
C:\Users\Admin\Desktop\OpenGLLab\assimp-master\assimp-master\tools\assimp_cmd\WriteDumb.cpp(178,29): warning C4244:         [
C:\Users\Admin\Desktop\OpenGLLab\assimp-master\assimp-master\tools\assimp_cmd\WriteDumb.cpp(178,29): warning C4244:             TReal=ai_real
C:\Users\Admin\Desktop\OpenGLLab\assimp-master\assimp-master\tools\assimp_cmd\WriteDumb.cpp(178,29): warning C4244:         ]
C:\Users\Admin\Desktop\OpenGLLab\assimp-master\assimp-master\tools\assimp_cmd\WriteDumb.cpp(179,21): warning C4244: 'argument': conversion from 'const TReal' to 'const float', possible loss of data
C:\Users\Admin\Desktop\OpenGLLab\assimp-master\assimp-master\tools\assimp_cmd\WriteDumb.cpp(179,21): warning C4244:         with
C:\Users\Admin\Desktop\OpenGLLab\assimp-master\assimp-master\tools\assimp_cmd\WriteDumb.cpp(179,21): warning C4244:         [
C:\Users\Admin\Desktop\OpenGLLab\assimp-master\assimp-master\tools\assimp_cmd\WriteDumb.cpp(179,21): warning C4244:             TReal=ai_real
C:\Users\Admin\Desktop\OpenGLLab\assimp-master\assimp-master\tools\assimp_cmd\WriteDumb.cpp(179,21): warning C4244:         ]
C:\Users\Admin\Desktop\OpenGLLab\assimp-master\assimp-master\tools\assimp_cmd\WriteDumb.cpp(180,21): warning C4244: 'argument': conversion from 'const TReal' to 'const float', possible loss of data
C:\Users\Admin\Desktop\OpenGLLab\assimp-master\assimp-master\tools\assimp_cmd\WriteDumb.cpp(180,21): warning C4244:         with
C:\Users\Admin\Desktop\OpenGLLab\assimp-master\assimp-master\tools\assimp_cmd\WriteDumb.cpp(180,21): warning C4244:         [
C:\Users\Admin\Desktop\OpenGLLab\assimp-master\assimp-master\tools\assimp_cmd\WriteDumb.cpp(180,21): warning C4244:             TReal=ai_real
C:\Users\Admin\Desktop\OpenGLLab\assimp-master\assimp-master\tools\assimp_cmd\WriteDumb.cpp(180,21): warning C4244:         ]
C:\Users\Admin\Desktop\OpenGLLab\assimp-master\assimp-master\tools\assimp_cmd\WriteDumb.cpp(189,29): warning C4244: 'argument': conversion from 'const ai_real' to 'const float', possible loss of data
C:\Users\Admin\Desktop\OpenGLLab\assimp-master\assimp-master\tools\assimp_cmd\WriteDumb.cpp(190,21): warning C4244: 'argument': conversion from 'const ai_real' to 'const float', possible loss of data
C:\Users\Admin\Desktop\OpenGLLab\assimp-master\assimp-master\tools\assimp_cmd\WriteDumb.cpp(191,21): warning C4244: 'argument': conversion from 'const ai_real' to 'const float', possible loss of data
C:\Users\Admin\Desktop\OpenGLLab\assimp-master\assimp-master\tools\assimp_cmd\WriteDumb.cpp(200,29): warning C4244: 'argument': conversion from 'const TReal' to 'const float', possible loss of data
C:\Users\Admin\Desktop\OpenGLLab\assimp-master\assimp-master\tools\assimp_cmd\WriteDumb.cpp(200,29): warning C4244:         with
C:\Users\Admin\Desktop\OpenGLLab\assimp-master\assimp-master\tools\assimp_cmd\WriteDumb.cpp(200,29): warning C4244:         [
C:\Users\Admin\Desktop\OpenGLLab\assimp-master\assimp-master\tools\assimp_cmd\WriteDumb.cpp(200,29): warning C4244:             TReal=ai_real
C:\Users\Admin\Desktop\OpenGLLab\assimp-master\assimp-master\tools\assimp_cmd\WriteDumb.cpp(200,29): warning C4244:         ]
C:\Users\Admin\Desktop\OpenGLLab\assimp-master\assimp-master\tools\assimp_cmd\WriteDumb.cpp(201,21): warning C4244: 'argument': conversion from 'const TReal' to 'const float', possible loss of data
C:\Users\Admin\Desktop\OpenGLLab\assimp-master\assimp-master\tools\assimp_cmd\WriteDumb.cpp(201,21): warning C4244:         with
C:\Users\Admin\Desktop\OpenGLLab\assimp-master\assimp-master\tools\assimp_cmd\WriteDumb.cpp(201,21): warning C4244:         [
C:\Users\Admin\Desktop\OpenGLLab\assimp-master\assimp-master\tools\assimp_cmd\WriteDumb.cpp(201,21): warning C4244:             TReal=ai_real
C:\Users\Admin\Desktop\OpenGLLab\assimp-master\assimp-master\tools\assimp_cmd\WriteDumb.cpp(201,21): warning C4244:         ]
C:\Users\Admin\Desktop\OpenGLLab\assimp-master\assimp-master\tools\assimp_cmd\WriteDumb.cpp(202,21): warning C4244: 'argument': conversion from 'const TReal' to 'const float', possible loss of data
C:\Users\Admin\Desktop\OpenGLLab\assimp-master\assimp-master\tools\assimp_cmd\WriteDumb.cpp(202,21): warning C4244:         with
C:\Users\Admin\Desktop\OpenGLLab\assimp-master\assimp-master\tools\assimp_cmd\WriteDumb.cpp(202,21): warning C4244:         [
C:\Users\Admin\Desktop\OpenGLLab\assimp-master\assimp-master\tools\assimp_cmd\WriteDumb.cpp(202,21): warning C4244:             TReal=ai_real
C:\Users\Admin\Desktop\OpenGLLab\assimp-master\assimp-master\tools\assimp_cmd\WriteDumb.cpp(202,21): warning C4244:         ]
C:\Users\Admin\Desktop\OpenGLLab\assimp-master\assimp-master\tools\assimp_cmd\WriteDumb.cpp(203,21): warning C4244: 'argument': conversion from 'const TReal' to 'const float', possible loss of data
C:\Users\Admin\Desktop\OpenGLLab\assimp-master\assimp-master\tools\assimp_cmd\WriteDumb.cpp(203,21): warning C4244:         with
C:\Users\Admin\Desktop\OpenGLLab\assimp-master\assimp-master\tools\assimp_cmd\WriteDumb.cpp(203,21): warning C4244:         [
C:\Users\Admin\Desktop\OpenGLLab\assimp-master\assimp-master\tools\assimp_cmd\WriteDumb.cpp(203,21): warning C4244:             TReal=ai_real
C:\Users\Admin\Desktop\OpenGLLab\assimp-master\assimp-master\tools\assimp_cmd\WriteDumb.cpp(203,21): warning C4244:         ]
C:\Users\Admin\Desktop\OpenGLLab\assimp-master\assimp-master\tools\assimp_cmd\WriteDumb.cpp(212,29): warning C4244: 'argument': conversion from 'const TReal' to 'const float', possible loss of data
C:\Users\Admin\Desktop\OpenGLLab\assimp-master\assimp-master\tools\assimp_cmd\WriteDumb.cpp(212,29): warning C4244:         with
C:\Users\Admin\Desktop\OpenGLLab\assimp-master\assimp-master\tools\assimp_cmd\WriteDumb.cpp(212,29): warning C4244:         [
C:\Users\Admin\Desktop\OpenGLLab\assimp-master\assimp-master\tools\assimp_cmd\WriteDumb.cpp(212,29): warning C4244:             TReal=ai_real
C:\Users\Admin\Desktop\OpenGLLab\assimp-master\assimp-master\tools\assimp_cmd\WriteDumb.cpp(212,29): warning C4244:         ]
C:\Users\Admin\Desktop\OpenGLLab\assimp-master\assimp-master\tools\assimp_cmd\WriteDumb.cpp(213,21): warning C4244: 'argument': conversion from 'const TReal' to 'const float', possible loss of data
C:\Users\Admin\Desktop\OpenGLLab\assimp-master\assimp-master\tools\assimp_cmd\WriteDumb.cpp(213,21): warning C4244:         with
C:\Users\Admin\Desktop\OpenGLLab\assimp-master\assimp-master\tools\assimp_cmd\WriteDumb.cpp(213,21): warning C4244:         [
C:\Users\Admin\Desktop\OpenGLLab\assimp-master\assimp-master\tools\assimp_cmd\WriteDumb.cpp(213,21): warning C4244:             TReal=ai_real
C:\Users\Admin\Desktop\OpenGLLab\assimp-master\assimp-master\tools\assimp_cmd\WriteDumb.cpp(213,21): warning C4244:         ]
C:\Users\Admin\Desktop\OpenGLLab\assimp-master\assimp-master\tools\assimp_cmd\WriteDumb.cpp(214,21): warning C4244: 'argument': conversion from 'const TReal' to 'const float', possible loss of data
C:\Users\Admin\Desktop\OpenGLLab\assimp-master\assimp-master\tools\assimp_cmd\WriteDumb.cpp(214,21): warning C4244:         with
C:\Users\Admin\Desktop\OpenGLLab\assimp-master\assimp-master\tools\assimp_cmd\WriteDumb.cpp(214,21): warning C4244:         [
C:\Users\Admin\Desktop\OpenGLLab\assimp-master\assimp-master\tools\assimp_cmd\WriteDumb.cpp(214,21): warning C4244:             TReal=ai_real
C:\Users\Admin\Desktop\OpenGLLab\assimp-master\assimp-master\tools\assimp_cmd\WriteDumb.cpp(214,21): warning C4244:         ]
C:\Users\Admin\Desktop\OpenGLLab\assimp-master\assimp-master\tools\assimp_cmd\WriteDumb.cpp(215,21): warning C4244: 'argument': conversion from 'const TReal' to 'const float', possible loss of data
C:\Users\Admin\Desktop\OpenGLLab\assimp-master\assimp-master\tools\assimp_cmd\WriteDumb.cpp(215,21): warning C4244:         with
C:\Users\Admin\Desktop\OpenGLLab\assimp-master\assimp-master\tools\assimp_cmd\WriteDumb.cpp(215,21): warning C4244:         [
C:\Users\Admin\Desktop\OpenGLLab\assimp-master\assimp-master\tools\assimp_cmd\WriteDumb.cpp(215,21): warning C4244:             TReal=ai_real
C:\Users\Admin\Desktop\OpenGLLab\assimp-master\assimp-master\tools\assimp_cmd\WriteDumb.cpp(215,21): warning C4244:         ]
C:\Users\Admin\Desktop\OpenGLLab\assimp-master\assimp-master\tools\assimp_cmd\WriteDumb.cpp(237,24): warning C4244: 'argument': conversion from 'const TReal' to 'const float', possible loss of data
C:\Users\Admin\Desktop\OpenGLLab\assimp-master\assimp-master\tools\assimp_cmd\WriteDumb.cpp(237,24): warning C4244:         with
C:\Users\Admin\Desktop\OpenGLLab\assimp-master\assimp-master\tools\assimp_cmd\WriteDumb.cpp(237,24): warning C4244:         [
C:\Users\Admin\Desktop\OpenGLLab\assimp-master\assimp-master\tools\assimp_cmd\WriteDumb.cpp(237,24): warning C4244:             TReal=ai_real
C:\Users\Admin\Desktop\OpenGLLab\assimp-master\assimp-master\tools\assimp_cmd\WriteDumb.cpp(237,24): warning C4244:         ]
  assimp_cmd.vcxproj -> C:\Users\Admin\Desktop\OpenGLLab\assimp-master\assimp-master\build\tools\assimp_cmd\Debug\assimpd.exe
