  main.cpp
D:\CG\LapuOpenGL\OpenGLLab\OpenGLLab\Mesh.h(83,1): warning C4267: 'argument': conversion from 'size_t' to 'GLsizei', possible loss of data
D:\CG\LapuOpenGL\OpenGLLab\OpenGLLab\Model.h(102,33): warning C4244: '=': conversion from 'TReal' to 'T', possible loss of data
D:\CG\LapuOpenGL\OpenGLLab\OpenGLLab\Model.h(102,33): warning C4244:         with
D:\CG\LapuOpenGL\OpenGLLab\OpenGLLab\Model.h(102,33): warning C4244:         [
D:\CG\LapuOpenGL\OpenGLLab\OpenGLLab\Model.h(102,33): warning C4244:             TReal=ai_real
D:\CG\LapuOpenGL\OpenGLLab\OpenGLLab\Model.h(102,33): warning C4244:         ]
D:\CG\LapuOpenGL\OpenGLLab\OpenGLLab\Model.h(102,33): warning C4244:         and
D:\CG\LapuOpenGL\OpenGLLab\OpenGLLab\Model.h(102,33): warning C4244:         [
D:\CG\LapuOpenGL\OpenGLLab\OpenGLLab\Model.h(102,33): warning C4244:             T=float
D:\CG\LapuOpenGL\OpenGLLab\OpenGLLab\Model.h(102,33): warning C4244:         ]
D:\CG\LapuOpenGL\OpenGLLab\OpenGLLab\Model.h(103,33): warning C4244: '=': conversion from 'TReal' to 'T', possible loss of data
D:\CG\LapuOpenGL\OpenGLLab\OpenGLLab\Model.h(103,33): warning C4244:         with
D:\CG\LapuOpenGL\OpenGLLab\OpenGLLab\Model.h(103,33): warning C4244:         [
D:\CG\LapuOpenGL\OpenGLLab\OpenGLLab\Model.h(103,33): warning C4244:             TReal=ai_real
D:\CG\LapuOpenGL\OpenGLLab\OpenGLLab\Model.h(103,33): warning C4244:         ]
D:\CG\LapuOpenGL\OpenGLLab\OpenGLLab\Model.h(103,33): warning C4244:         and
D:\CG\LapuOpenGL\OpenGLLab\OpenGLLab\Model.h(103,33): warning C4244:         [
D:\CG\LapuOpenGL\OpenGLLab\OpenGLLab\Model.h(103,33): warning C4244:             T=float
D:\CG\LapuOpenGL\OpenGLLab\OpenGLLab\Model.h(103,33): warning C4244:         ]
D:\CG\LapuOpenGL\OpenGLLab\OpenGLLab\Model.h(104,33): warning C4244: '=': conversion from 'TReal' to 'T', possible loss of data
D:\CG\LapuOpenGL\OpenGLLab\OpenGLLab\Model.h(104,33): warning C4244:         with
D:\CG\LapuOpenGL\OpenGLLab\OpenGLLab\Model.h(104,33): warning C4244:         [
D:\CG\LapuOpenGL\OpenGLLab\OpenGLLab\Model.h(104,33): warning C4244:             TReal=ai_real
D:\CG\LapuOpenGL\OpenGLLab\OpenGLLab\Model.h(104,33): warning C4244:         ]
D:\CG\LapuOpenGL\OpenGLLab\OpenGLLab\Model.h(104,33): warning C4244:         and
D:\CG\LapuOpenGL\OpenGLLab\OpenGLLab\Model.h(104,33): warning C4244:         [
D:\CG\LapuOpenGL\OpenGLLab\OpenGLLab\Model.h(104,33): warning C4244:             T=float
D:\CG\LapuOpenGL\OpenGLLab\OpenGLLab\Model.h(104,33): warning C4244:         ]
D:\CG\LapuOpenGL\OpenGLLab\OpenGLLab\Model.h(107,32): warning C4244: '=': conversion from 'TReal' to 'T', possible loss of data
D:\CG\LapuOpenGL\OpenGLLab\OpenGLLab\Model.h(107,32): warning C4244:         with
D:\CG\LapuOpenGL\OpenGLLab\OpenGLLab\Model.h(107,32): warning C4244:         [
D:\CG\LapuOpenGL\OpenGLLab\OpenGLLab\Model.h(107,32): warning C4244:             TReal=ai_real
D:\CG\LapuOpenGL\OpenGLLab\OpenGLLab\Model.h(107,32): warning C4244:         ]
D:\CG\LapuOpenGL\OpenGLLab\OpenGLLab\Model.h(107,32): warning C4244:         and
D:\CG\LapuOpenGL\OpenGLLab\OpenGLLab\Model.h(107,32): warning C4244:         [
D:\CG\LapuOpenGL\OpenGLLab\OpenGLLab\Model.h(107,32): warning C4244:             T=float
D:\CG\LapuOpenGL\OpenGLLab\OpenGLLab\Model.h(107,32): warning C4244:         ]
D:\CG\LapuOpenGL\OpenGLLab\OpenGLLab\Model.h(108,32): warning C4244: '=': conversion from 'TReal' to 'T', possible loss of data
D:\CG\LapuOpenGL\OpenGLLab\OpenGLLab\Model.h(108,32): warning C4244:         with
D:\CG\LapuOpenGL\OpenGLLab\OpenGLLab\Model.h(108,32): warning C4244:         [
D:\CG\LapuOpenGL\OpenGLLab\OpenGLLab\Model.h(108,32): warning C4244:             TReal=ai_real
D:\CG\LapuOpenGL\OpenGLLab\OpenGLLab\Model.h(108,32): warning C4244:         ]
D:\CG\LapuOpenGL\OpenGLLab\OpenGLLab\Model.h(108,32): warning C4244:         and
D:\CG\LapuOpenGL\OpenGLLab\OpenGLLab\Model.h(108,32): warning C4244:         [
D:\CG\LapuOpenGL\OpenGLLab\OpenGLLab\Model.h(108,32): warning C4244:             T=float
D:\CG\LapuOpenGL\OpenGLLab\OpenGLLab\Model.h(108,32): warning C4244:         ]
D:\CG\LapuOpenGL\OpenGLLab\OpenGLLab\Model.h(109,32): warning C4244: '=': conversion from 'TReal' to 'T', possible loss of data
D:\CG\LapuOpenGL\OpenGLLab\OpenGLLab\Model.h(109,32): warning C4244:         with
D:\CG\LapuOpenGL\OpenGLLab\OpenGLLab\Model.h(109,32): warning C4244:         [
D:\CG\LapuOpenGL\OpenGLLab\OpenGLLab\Model.h(109,32): warning C4244:             TReal=ai_real
D:\CG\LapuOpenGL\OpenGLLab\OpenGLLab\Model.h(109,32): warning C4244:         ]
D:\CG\LapuOpenGL\OpenGLLab\OpenGLLab\Model.h(109,32): warning C4244:         and
D:\CG\LapuOpenGL\OpenGLLab\OpenGLLab\Model.h(109,32): warning C4244:         [
D:\CG\LapuOpenGL\OpenGLLab\OpenGLLab\Model.h(109,32): warning C4244:             T=float
D:\CG\LapuOpenGL\OpenGLLab\OpenGLLab\Model.h(109,32): warning C4244:         ]
D:\CG\LapuOpenGL\OpenGLLab\OpenGLLab\Model.h(117,39): warning C4244: '=': conversion from 'TReal' to 'T', possible loss of data
D:\CG\LapuOpenGL\OpenGLLab\OpenGLLab\Model.h(117,39): warning C4244:         with
D:\CG\LapuOpenGL\OpenGLLab\OpenGLLab\Model.h(117,39): warning C4244:         [
D:\CG\LapuOpenGL\OpenGLLab\OpenGLLab\Model.h(117,39): warning C4244:             TReal=ai_real
D:\CG\LapuOpenGL\OpenGLLab\OpenGLLab\Model.h(117,39): warning C4244:         ]
D:\CG\LapuOpenGL\OpenGLLab\OpenGLLab\Model.h(117,39): warning C4244:         and
D:\CG\LapuOpenGL\OpenGLLab\OpenGLLab\Model.h(117,39): warning C4244:         [
D:\CG\LapuOpenGL\OpenGLLab\OpenGLLab\Model.h(117,39): warning C4244:             T=float
D:\CG\LapuOpenGL\OpenGLLab\OpenGLLab\Model.h(117,39): warning C4244:         ]
D:\CG\LapuOpenGL\OpenGLLab\OpenGLLab\Model.h(118,39): warning C4244: '=': conversion from 'TReal' to 'T', possible loss of data
D:\CG\LapuOpenGL\OpenGLLab\OpenGLLab\Model.h(118,39): warning C4244:         with
D:\CG\LapuOpenGL\OpenGLLab\OpenGLLab\Model.h(118,39): warning C4244:         [
D:\CG\LapuOpenGL\OpenGLLab\OpenGLLab\Model.h(118,39): warning C4244:             TReal=ai_real
D:\CG\LapuOpenGL\OpenGLLab\OpenGLLab\Model.h(118,39): warning C4244:         ]
D:\CG\LapuOpenGL\OpenGLLab\OpenGLLab\Model.h(118,39): warning C4244:         and
D:\CG\LapuOpenGL\OpenGLLab\OpenGLLab\Model.h(118,39): warning C4244:         [
D:\CG\LapuOpenGL\OpenGLLab\OpenGLLab\Model.h(118,39): warning C4244:             T=float
D:\CG\LapuOpenGL\OpenGLLab\OpenGLLab\Model.h(118,39): warning C4244:         ]
D:\CG\LapuOpenGL\OpenGLLab\OpenGLLab\Model.h(124,33): warning C4244: '=': conversion from 'TReal' to 'T', possible loss of data
D:\CG\LapuOpenGL\OpenGLLab\OpenGLLab\Model.h(124,33): warning C4244:         with
D:\CG\LapuOpenGL\OpenGLLab\OpenGLLab\Model.h(124,33): warning C4244:         [
D:\CG\LapuOpenGL\OpenGLLab\OpenGLLab\Model.h(124,33): warning C4244:             TReal=ai_real
D:\CG\LapuOpenGL\OpenGLLab\OpenGLLab\Model.h(124,33): warning C4244:         ]
D:\CG\LapuOpenGL\OpenGLLab\OpenGLLab\Model.h(124,33): warning C4244:         and
D:\CG\LapuOpenGL\OpenGLLab\OpenGLLab\Model.h(124,33): warning C4244:         [
D:\CG\LapuOpenGL\OpenGLLab\OpenGLLab\Model.h(124,33): warning C4244:             T=float
D:\CG\LapuOpenGL\OpenGLLab\OpenGLLab\Model.h(124,33): warning C4244:         ]
D:\CG\LapuOpenGL\OpenGLLab\OpenGLLab\Model.h(125,33): warning C4244: '=': conversion from 'TReal' to 'T', possible loss of data
D:\CG\LapuOpenGL\OpenGLLab\OpenGLLab\Model.h(125,33): warning C4244:         with
D:\CG\LapuOpenGL\OpenGLLab\OpenGLLab\Model.h(125,33): warning C4244:         [
D:\CG\LapuOpenGL\OpenGLLab\OpenGLLab\Model.h(125,33): warning C4244:             TReal=ai_real
D:\CG\LapuOpenGL\OpenGLLab\OpenGLLab\Model.h(125,33): warning C4244:         ]
D:\CG\LapuOpenGL\OpenGLLab\OpenGLLab\Model.h(125,33): warning C4244:         and
D:\CG\LapuOpenGL\OpenGLLab\OpenGLLab\Model.h(125,33): warning C4244:         [
D:\CG\LapuOpenGL\OpenGLLab\OpenGLLab\Model.h(125,33): warning C4244:             T=float
D:\CG\LapuOpenGL\OpenGLLab\OpenGLLab\Model.h(125,33): warning C4244:         ]
D:\CG\LapuOpenGL\OpenGLLab\OpenGLLab\Model.h(126,33): warning C4244: '=': conversion from 'TReal' to 'T', possible loss of data
D:\CG\LapuOpenGL\OpenGLLab\OpenGLLab\Model.h(126,33): warning C4244:         with
D:\CG\LapuOpenGL\OpenGLLab\OpenGLLab\Model.h(126,33): warning C4244:         [
D:\CG\LapuOpenGL\OpenGLLab\OpenGLLab\Model.h(126,33): warning C4244:             TReal=ai_real
D:\CG\LapuOpenGL\OpenGLLab\OpenGLLab\Model.h(126,33): warning C4244:         ]
D:\CG\LapuOpenGL\OpenGLLab\OpenGLLab\Model.h(126,33): warning C4244:         and
D:\CG\LapuOpenGL\OpenGLLab\OpenGLLab\Model.h(126,33): warning C4244:         [
D:\CG\LapuOpenGL\OpenGLLab\OpenGLLab\Model.h(126,33): warning C4244:             T=float
D:\CG\LapuOpenGL\OpenGLLab\OpenGLLab\Model.h(126,33): warning C4244:         ]
D:\CG\LapuOpenGL\OpenGLLab\OpenGLLab\Model.h(129,35): warning C4244: '=': conversion from 'TReal' to 'T', possible loss of data
D:\CG\LapuOpenGL\OpenGLLab\OpenGLLab\Model.h(129,35): warning C4244:         with
D:\CG\LapuOpenGL\OpenGLLab\OpenGLLab\Model.h(129,35): warning C4244:         [
D:\CG\LapuOpenGL\OpenGLLab\OpenGLLab\Model.h(129,35): warning C4244:             TReal=ai_real
D:\CG\LapuOpenGL\OpenGLLab\OpenGLLab\Model.h(129,35): warning C4244:         ]
D:\CG\LapuOpenGL\OpenGLLab\OpenGLLab\Model.h(129,35): warning C4244:         and
D:\CG\LapuOpenGL\OpenGLLab\OpenGLLab\Model.h(129,35): warning C4244:         [
D:\CG\LapuOpenGL\OpenGLLab\OpenGLLab\Model.h(129,35): warning C4244:             T=float
D:\CG\LapuOpenGL\OpenGLLab\OpenGLLab\Model.h(129,35): warning C4244:         ]
D:\CG\LapuOpenGL\OpenGLLab\OpenGLLab\Model.h(130,35): warning C4244: '=': conversion from 'TReal' to 'T', possible loss of data
D:\CG\LapuOpenGL\OpenGLLab\OpenGLLab\Model.h(130,35): warning C4244:         with
D:\CG\LapuOpenGL\OpenGLLab\OpenGLLab\Model.h(130,35): warning C4244:         [
D:\CG\LapuOpenGL\OpenGLLab\OpenGLLab\Model.h(130,35): warning C4244:             TReal=ai_real
D:\CG\LapuOpenGL\OpenGLLab\OpenGLLab\Model.h(130,35): warning C4244:         ]
D:\CG\LapuOpenGL\OpenGLLab\OpenGLLab\Model.h(130,35): warning C4244:         and
D:\CG\LapuOpenGL\OpenGLLab\OpenGLLab\Model.h(130,35): warning C4244:         [
D:\CG\LapuOpenGL\OpenGLLab\OpenGLLab\Model.h(130,35): warning C4244:             T=float
D:\CG\LapuOpenGL\OpenGLLab\OpenGLLab\Model.h(130,35): warning C4244:         ]
D:\CG\LapuOpenGL\OpenGLLab\OpenGLLab\Model.h(131,35): warning C4244: '=': conversion from 'TReal' to 'T', possible loss of data
D:\CG\LapuOpenGL\OpenGLLab\OpenGLLab\Model.h(131,35): warning C4244:         with
D:\CG\LapuOpenGL\OpenGLLab\OpenGLLab\Model.h(131,35): warning C4244:         [
D:\CG\LapuOpenGL\OpenGLLab\OpenGLLab\Model.h(131,35): warning C4244:             TReal=ai_real
D:\CG\LapuOpenGL\OpenGLLab\OpenGLLab\Model.h(131,35): warning C4244:         ]
D:\CG\LapuOpenGL\OpenGLLab\OpenGLLab\Model.h(131,35): warning C4244:         and
D:\CG\LapuOpenGL\OpenGLLab\OpenGLLab\Model.h(131,35): warning C4244:         [
D:\CG\LapuOpenGL\OpenGLLab\OpenGLLab\Model.h(131,35): warning C4244:             T=float
D:\CG\LapuOpenGL\OpenGLLab\OpenGLLab\Model.h(131,35): warning C4244:         ]
D:\CG\LapuOpenGL\OpenGLLab\OpenGLLab\main.cpp(194,22): warning C4244: 'initializing': conversion from 'double' to 'float', possible loss of data
D:\CG\LapuOpenGL\OpenGLLab\OpenGLLab\main.cpp(228,14): warning C4244: 'initializing': conversion from 'double' to 'float', possible loss of data
D:\CG\LapuOpenGL\OpenGLLab\OpenGLLab\main.cpp(229,14): warning C4244: 'initializing': conversion from 'double' to 'float', possible loss of data
D:\CG\LapuOpenGL\OpenGLLab\OpenGLLab\main.cpp(382,11): warning C4244: '=': conversion from 'double' to 'float', possible loss of data
D:\CG\LapuOpenGL\OpenGLLab\OpenGLLab\main.cpp(383,11): warning C4244: '=': conversion from 'double' to 'float', possible loss of data
D:\CG\LapuOpenGL\OpenGLLab\OpenGLLab\main.cpp(387,16): warning C4244: 'initializing': conversion from 'double' to 'float', possible loss of data
D:\CG\LapuOpenGL\OpenGLLab\OpenGLLab\main.cpp(388,16): warning C4244: 'initializing': conversion from 'double' to 'float', possible loss of data
D:\CG\LapuOpenGL\OpenGLLab\OpenGLLab\main.cpp(390,10): warning C4244: '=': conversion from 'double' to 'float', possible loss of data
D:\CG\LapuOpenGL\OpenGLLab\OpenGLLab\main.cpp(391,10): warning C4244: '=': conversion from 'double' to 'float', possible loss of data
D:\CG\LapuOpenGL\OpenGLLab\OpenGLLab\main.cpp(398,28): warning C4244: 'argument': conversion from 'double' to 'float', possible loss of data
LINK : warning LNK4098: defaultlib 'MSVCRTD' conflicts with use of other libs; use /NODEFAULTLIB:library
  Generating code
  17 of 2003 functions ( 0.8%) were compiled, the rest were copied from previous compilation.
    0 functions were new in current compilation
    20 functions had inline decision re-evaluated but remain unchanged
  Finished generating code
  OpenGLLab.vcxproj -> D:\CG\LapuOpenGL\OpenGLLab\x64\Release\OpenGLLab.exe
