d:\cg\opengllab\opengllab\opengllab\x64\debug\vc142.pdb
d:\cg\opengllab\opengllab\opengllab\x64\debug\vc142.idb
d:\cg\opengllab\opengllab\opengllab\x64\debug\viewport.obj
d:\cg\opengllab\opengllab\opengllab\x64\debug\stb_image.obj
d:\cg\opengllab\opengllab\opengllab\x64\debug\main.obj
d:\cg\opengllab\opengllab\opengllab\x64\debug\camera.obj
d:\cg\opengllab\opengllab\opengllab\x64\debug\light.obj
d:\cg\opengllab\opengllab\opengllab\x64\debug\imgui_widgets.obj
d:\cg\opengllab\opengllab\opengllab\x64\debug\imgui_impl_opengl3.obj
d:\cg\opengllab\opengllab\opengllab\x64\debug\imgui_impl_glfw.obj
d:\cg\opengllab\opengllab\opengllab\x64\debug\imgui_draw.obj
d:\cg\opengllab\opengllab\opengllab\x64\debug\imgui_demo.obj
d:\cg\opengllab\opengllab\opengllab\x64\debug\imgui.obj
d:\cg\opengllab\opengllab\x64\debug\opengllab.pdb
d:\cg\opengllab\opengllab\opengllab\x64\debug\opengllab.tlog\cl.command.1.tlog
d:\cg\opengllab\opengllab\opengllab\x64\debug\opengllab.tlog\cl.read.1.tlog
d:\cg\opengllab\opengllab\opengllab\x64\debug\opengllab.tlog\cl.write.1.tlog
d:\cg\opengllab\opengllab\opengllab\x64\debug\opengllab.tlog\link-cvtres.read.1.tlog
d:\cg\opengllab\opengllab\opengllab\x64\debug\opengllab.tlog\link-cvtres.write.1.tlog
d:\cg\opengllab\opengllab\opengllab\x64\debug\opengllab.tlog\link-rc.read.1.tlog
d:\cg\opengllab\opengllab\opengllab\x64\debug\opengllab.tlog\link-rc.write.1.tlog
d:\cg\opengllab\opengllab\opengllab\x64\debug\opengllab.tlog\link.9332-cvtres.read.1.tlog
d:\cg\opengllab\opengllab\opengllab\x64\debug\opengllab.tlog\link.9332-cvtres.write.1.tlog
d:\cg\opengllab\opengllab\opengllab\x64\debug\opengllab.tlog\link.9332-rc.read.1.tlog
d:\cg\opengllab\opengllab\opengllab\x64\debug\opengllab.tlog\link.9332-rc.write.1.tlog
d:\cg\opengllab\opengllab\opengllab\x64\debug\opengllab.tlog\link.9332.read.1.tlog
d:\cg\opengllab\opengllab\opengllab\x64\debug\opengllab.tlog\link.9332.write.1.tlog
d:\cg\opengllab\opengllab\opengllab\x64\debug\opengllab.tlog\link.command.1.tlog
d:\cg\opengllab\opengllab\opengllab\x64\debug\opengllab.tlog\link.read.1.tlog
d:\cg\opengllab\opengllab\opengllab\x64\debug\opengllab.tlog\link.write.1.tlog
