  main.cpp
D:\CG\LapuOpenGL\OpenGLLab\OpenGLLab\Mesh.h(83,1): warning C4267: 'argument': conversion from 'size_t' to 'GLsizei', possible loss of data
D:\CG\LapuOpenGL\OpenGLLab\OpenGLLab\Model.h(102,33): warning C4244: '=': conversion from 'TReal' to 'T', possible loss of data
D:\CG\LapuOpenGL\OpenGLLab\OpenGLLab\Model.h(102,33): warning C4244:         with
D:\CG\LapuOpenGL\OpenGLLab\OpenGLLab\Model.h(102,33): warning C4244:         [
D:\CG\LapuOpenGL\OpenGLLab\OpenGLLab\Model.h(102,33): warning C4244:             TReal=ai_real
D:\CG\LapuOpenGL\OpenGLLab\OpenGLLab\Model.h(102,33): warning C4244:         ]
D:\CG\LapuOpenGL\OpenGLLab\OpenGLLab\Model.h(102,33): warning C4244:         and
D:\CG\LapuOpenGL\OpenGLLab\OpenGLLab\Model.h(102,33): warning C4244:         [
D:\CG\LapuOpenGL\OpenGLLab\OpenGLLab\Model.h(102,33): warning C4244:             T=float
D:\CG\LapuOpenGL\OpenGLLab\OpenGLLab\Model.h(102,33): warning C4244:         ]
D:\CG\LapuOpenGL\OpenGLLab\OpenGLLab\Model.h(103,33): warning C4244: '=': conversion from 'TReal' to 'T', possible loss of data
D:\CG\LapuOpenGL\OpenGLLab\OpenGLLab\Model.h(103,33): warning C4244:         with
D:\CG\LapuOpenGL\OpenGLLab\OpenGLLab\Model.h(103,33): warning C4244:         [
D:\CG\LapuOpenGL\OpenGLLab\OpenGLLab\Model.h(103,33): warning C4244:             TReal=ai_real
D:\CG\LapuOpenGL\OpenGLLab\OpenGLLab\Model.h(103,33): warning C4244:         ]
D:\CG\LapuOpenGL\OpenGLLab\OpenGLLab\Model.h(103,33): warning C4244:         and
D:\CG\LapuOpenGL\OpenGLLab\OpenGLLab\Model.h(103,33): warning C4244:         [
D:\CG\LapuOpenGL\OpenGLLab\OpenGLLab\Model.h(103,33): warning C4244:             T=float
D:\CG\LapuOpenGL\OpenGLLab\OpenGLLab\Model.h(103,33): warning C4244:         ]
D:\CG\LapuOpenGL\OpenGLLab\OpenGLLab\Model.h(104,33): warning C4244: '=': conversion from 'TReal' to 'T', possible loss of data
D:\CG\LapuOpenGL\OpenGLLab\OpenGLLab\Model.h(104,33): warning C4244:         with
D:\CG\LapuOpenGL\OpenGLLab\OpenGLLab\Model.h(104,33): warning C4244:         [
D:\CG\LapuOpenGL\OpenGLLab\OpenGLLab\Model.h(104,33): warning C4244:             TReal=ai_real
D:\CG\LapuOpenGL\OpenGLLab\OpenGLLab\Model.h(104,33): warning C4244:         ]
D:\CG\LapuOpenGL\OpenGLLab\OpenGLLab\Model.h(104,33): warning C4244:         and
D:\CG\LapuOpenGL\OpenGLLab\OpenGLLab\Model.h(104,33): warning C4244:         [
D:\CG\LapuOpenGL\OpenGLLab\OpenGLLab\Model.h(104,33): warning C4244:             T=float
D:\CG\LapuOpenGL\OpenGLLab\OpenGLLab\Model.h(104,33): warning C4244:         ]
D:\CG\LapuOpenGL\OpenGLLab\OpenGLLab\Model.h(107,32): warning C4244: '=': conversion from 'TReal' to 'T', possible loss of data
D:\CG\LapuOpenGL\OpenGLLab\OpenGLLab\Model.h(107,32): warning C4244:         with
D:\CG\LapuOpenGL\OpenGLLab\OpenGLLab\Model.h(107,32): warning C4244:         [
D:\CG\LapuOpenGL\OpenGLLab\OpenGLLab\Model.h(107,32): warning C4244:             TReal=ai_real
D:\CG\LapuOpenGL\OpenGLLab\OpenGLLab\Model.h(107,32): warning C4244:         ]
D:\CG\LapuOpenGL\OpenGLLab\OpenGLLab\Model.h(107,32): warning C4244:         and
D:\CG\LapuOpenGL\OpenGLLab\OpenGLLab\Model.h(107,32): warning C4244:         [
D:\CG\LapuOpenGL\OpenGLLab\OpenGLLab\Model.h(107,32): warning C4244:             T=float
D:\CG\LapuOpenGL\OpenGLLab\OpenGLLab\Model.h(107,32): warning C4244:         ]
D:\CG\LapuOpenGL\OpenGLLab\OpenGLLab\Model.h(108,32): warning C4244: '=': conversion from 'TReal' to 'T', possible loss of data
D:\CG\LapuOpenGL\OpenGLLab\OpenGLLab\Model.h(108,32): warning C4244:         with
D:\CG\LapuOpenGL\OpenGLLab\OpenGLLab\Model.h(108,32): warning C4244:         [
D:\CG\LapuOpenGL\OpenGLLab\OpenGLLab\Model.h(108,32): warning C4244:             TReal=ai_real
D:\CG\LapuOpenGL\OpenGLLab\OpenGLLab\Model.h(108,32): warning C4244:         ]
D:\CG\LapuOpenGL\OpenGLLab\OpenGLLab\Model.h(108,32): warning C4244:         and
D:\CG\LapuOpenGL\OpenGLLab\OpenGLLab\Model.h(108,32): warning C4244:         [
D:\CG\LapuOpenGL\OpenGLLab\OpenGLLab\Model.h(108,32): warning C4244:             T=float
D:\CG\LapuOpenGL\OpenGLLab\OpenGLLab\Model.h(108,32): warning C4244:         ]
D:\CG\LapuOpenGL\OpenGLLab\OpenGLLab\Model.h(109,32): warning C4244: '=': conversion from 'TReal' to 'T', possible loss of data
D:\CG\LapuOpenGL\OpenGLLab\OpenGLLab\Model.h(109,32): warning C4244:         with
D:\CG\LapuOpenGL\OpenGLLab\OpenGLLab\Model.h(109,32): warning C4244:         [
D:\CG\LapuOpenGL\OpenGLLab\OpenGLLab\Model.h(109,32): warning C4244:             TReal=ai_real
D:\CG\LapuOpenGL\OpenGLLab\OpenGLLab\Model.h(109,32): warning C4244:         ]
D:\CG\LapuOpenGL\OpenGLLab\OpenGLLab\Model.h(109,32): warning C4244:         and
D:\CG\LapuOpenGL\OpenGLLab\OpenGLLab\Model.h(109,32): warning C4244:         [
D:\CG\LapuOpenGL\OpenGLLab\OpenGLLab\Model.h(109,32): warning C4244:             T=float
D:\CG\LapuOpenGL\OpenGLLab\OpenGLLab\Model.h(109,32): warning C4244:         ]
D:\CG\LapuOpenGL\OpenGLLab\OpenGLLab\Model.h(117,39): warning C4244: '=': conversion from 'TReal' to 'T', possible loss of data
D:\CG\LapuOpenGL\OpenGLLab\OpenGLLab\Model.h(117,39): warning C4244:         with
D:\CG\LapuOpenGL\OpenGLLab\OpenGLLab\Model.h(117,39): warning C4244:         [
D:\CG\LapuOpenGL\OpenGLLab\OpenGLLab\Model.h(117,39): warning C4244:             TReal=ai_real
D:\CG\LapuOpenGL\OpenGLLab\OpenGLLab\Model.h(117,39): warning C4244:         ]
D:\CG\LapuOpenGL\OpenGLLab\OpenGLLab\Model.h(117,39): warning C4244:         and
D:\CG\LapuOpenGL\OpenGLLab\OpenGLLab\Model.h(117,39): warning C4244:         [
D:\CG\LapuOpenGL\OpenGLLab\OpenGLLab\Model.h(117,39): warning C4244:             T=float
D:\CG\LapuOpenGL\OpenGLLab\OpenGLLab\Model.h(117,39): warning C4244:         ]
D:\CG\LapuOpenGL\OpenGLLab\OpenGLLab\Model.h(118,39): warning C4244: '=': conversion from 'TReal' to 'T', possible loss of data
D:\CG\LapuOpenGL\OpenGLLab\OpenGLLab\Model.h(118,39): warning C4244:         with
D:\CG\LapuOpenGL\OpenGLLab\OpenGLLab\Model.h(118,39): warning C4244:         [
D:\CG\LapuOpenGL\OpenGLLab\OpenGLLab\Model.h(118,39): warning C4244:             TReal=ai_real
D:\CG\LapuOpenGL\OpenGLLab\OpenGLLab\Model.h(118,39): warning C4244:         ]
D:\CG\LapuOpenGL\OpenGLLab\OpenGLLab\Model.h(118,39): warning C4244:         and
D:\CG\LapuOpenGL\OpenGLLab\OpenGLLab\Model.h(118,39): warning C4244:         [
D:\CG\LapuOpenGL\OpenGLLab\OpenGLLab\Model.h(118,39): warning C4244:             T=float
D:\CG\LapuOpenGL\OpenGLLab\OpenGLLab\Model.h(118,39): warning C4244:         ]
D:\CG\LapuOpenGL\OpenGLLab\OpenGLLab\Model.h(124,33): warning C4244: '=': conversion from 'TReal' to 'T', possible loss of data
D:\CG\LapuOpenGL\OpenGLLab\OpenGLLab\Model.h(124,33): warning C4244:         with
D:\CG\LapuOpenGL\OpenGLLab\OpenGLLab\Model.h(124,33): warning C4244:         [
D:\CG\LapuOpenGL\OpenGLLab\OpenGLLab\Model.h(124,33): warning C4244:             TReal=ai_real
D:\CG\LapuOpenGL\OpenGLLab\OpenGLLab\Model.h(124,33): warning C4244:         ]
D:\CG\LapuOpenGL\OpenGLLab\OpenGLLab\Model.h(124,33): warning C4244:         and
D:\CG\LapuOpenGL\OpenGLLab\OpenGLLab\Model.h(124,33): warning C4244:         [
D:\CG\LapuOpenGL\OpenGLLab\OpenGLLab\Model.h(124,33): warning C4244:             T=float
D:\CG\LapuOpenGL\OpenGLLab\OpenGLLab\Model.h(124,33): warning C4244:         ]
D:\CG\LapuOpenGL\OpenGLLab\OpenGLLab\Model.h(125,33): warning C4244: '=': conversion from 'TReal' to 'T', possible loss of data
D:\CG\LapuOpenGL\OpenGLLab\OpenGLLab\Model.h(125,33): warning C4244:         with
D:\CG\LapuOpenGL\OpenGLLab\OpenGLLab\Model.h(125,33): warning C4244:         [
D:\CG\LapuOpenGL\OpenGLLab\OpenGLLab\Model.h(125,33): warning C4244:             TReal=ai_real
D:\CG\LapuOpenGL\OpenGLLab\OpenGLLab\Model.h(125,33): warning C4244:         ]
D:\CG\LapuOpenGL\OpenGLLab\OpenGLLab\Model.h(125,33): warning C4244:         and
D:\CG\LapuOpenGL\OpenGLLab\OpenGLLab\Model.h(125,33): warning C4244:         [
D:\CG\LapuOpenGL\OpenGLLab\OpenGLLab\Model.h(125,33): warning C4244:             T=float
D:\CG\LapuOpenGL\OpenGLLab\OpenGLLab\Model.h(125,33): warning C4244:         ]
D:\CG\LapuOpenGL\OpenGLLab\OpenGLLab\Model.h(126,33): warning C4244: '=': conversion from 'TReal' to 'T', possible loss of data
D:\CG\LapuOpenGL\OpenGLLab\OpenGLLab\Model.h(126,33): warning C4244:         with
D:\CG\LapuOpenGL\OpenGLLab\OpenGLLab\Model.h(126,33): warning C4244:         [
D:\CG\LapuOpenGL\OpenGLLab\OpenGLLab\Model.h(126,33): warning C4244:             TReal=ai_real
D:\CG\LapuOpenGL\OpenGLLab\OpenGLLab\Model.h(126,33): warning C4244:         ]
D:\CG\LapuOpenGL\OpenGLLab\OpenGLLab\Model.h(126,33): warning C4244:         and
D:\CG\LapuOpenGL\OpenGLLab\OpenGLLab\Model.h(126,33): warning C4244:         [
D:\CG\LapuOpenGL\OpenGLLab\OpenGLLab\Model.h(126,33): warning C4244:             T=float
D:\CG\LapuOpenGL\OpenGLLab\OpenGLLab\Model.h(126,33): warning C4244:         ]
D:\CG\LapuOpenGL\OpenGLLab\OpenGLLab\Model.h(129,35): warning C4244: '=': conversion from 'TReal' to 'T', possible loss of data
D:\CG\LapuOpenGL\OpenGLLab\OpenGLLab\Model.h(129,35): warning C4244:         with
D:\CG\LapuOpenGL\OpenGLLab\OpenGLLab\Model.h(129,35): warning C4244:         [
D:\CG\LapuOpenGL\OpenGLLab\OpenGLLab\Model.h(129,35): warning C4244:             TReal=ai_real
D:\CG\LapuOpenGL\OpenGLLab\OpenGLLab\Model.h(129,35): warning C4244:         ]
D:\CG\LapuOpenGL\OpenGLLab\OpenGLLab\Model.h(129,35): warning C4244:         and
D:\CG\LapuOpenGL\OpenGLLab\OpenGLLab\Model.h(129,35): warning C4244:         [
D:\CG\LapuOpenGL\OpenGLLab\OpenGLLab\Model.h(129,35): warning C4244:             T=float
D:\CG\LapuOpenGL\OpenGLLab\OpenGLLab\Model.h(129,35): warning C4244:         ]
D:\CG\LapuOpenGL\OpenGLLab\OpenGLLab\Model.h(130,35): warning C4244: '=': conversion from 'TReal' to 'T', possible loss of data
D:\CG\LapuOpenGL\OpenGLLab\OpenGLLab\Model.h(130,35): warning C4244:         with
D:\CG\LapuOpenGL\OpenGLLab\OpenGLLab\Model.h(130,35): warning C4244:         [
D:\CG\LapuOpenGL\OpenGLLab\OpenGLLab\Model.h(130,35): warning C4244:             TReal=ai_real
D:\CG\LapuOpenGL\OpenGLLab\OpenGLLab\Model.h(130,35): warning C4244:         ]
D:\CG\LapuOpenGL\OpenGLLab\OpenGLLab\Model.h(130,35): warning C4244:         and
D:\CG\LapuOpenGL\OpenGLLab\OpenGLLab\Model.h(130,35): warning C4244:         [
D:\CG\LapuOpenGL\OpenGLLab\OpenGLLab\Model.h(130,35): warning C4244:             T=float
D:\CG\LapuOpenGL\OpenGLLab\OpenGLLab\Model.h(130,35): warning C4244:         ]
D:\CG\LapuOpenGL\OpenGLLab\OpenGLLab\Model.h(131,35): warning C4244: '=': conversion from 'TReal' to 'T', possible loss of data
D:\CG\LapuOpenGL\OpenGLLab\OpenGLLab\Model.h(131,35): warning C4244:         with
D:\CG\LapuOpenGL\OpenGLLab\OpenGLLab\Model.h(131,35): warning C4244:         [
D:\CG\LapuOpenGL\OpenGLLab\OpenGLLab\Model.h(131,35): warning C4244:             TReal=ai_real
D:\CG\LapuOpenGL\OpenGLLab\OpenGLLab\Model.h(131,35): warning C4244:         ]
D:\CG\LapuOpenGL\OpenGLLab\OpenGLLab\Model.h(131,35): warning C4244:         and
D:\CG\LapuOpenGL\OpenGLLab\OpenGLLab\Model.h(131,35): warning C4244:         [
D:\CG\LapuOpenGL\OpenGLLab\OpenGLLab\Model.h(131,35): warning C4244:             T=float
D:\CG\LapuOpenGL\OpenGLLab\OpenGLLab\Model.h(131,35): warning C4244:         ]
D:\CG\LapuOpenGL\OpenGLLab\OpenGLLab\main.cpp(50,63): warning C4566: character represented by universal-character-name '\u00B4' cannot be represented in the current code page (936)
D:\CG\LapuOpenGL\OpenGLLab\OpenGLLab\main.cpp(121,22): warning C4244: 'initializing': conversion from 'double' to 'float', possible loss of data
D:\CG\LapuOpenGL\OpenGLLab\OpenGLLab\main.cpp(152,47): warning C4305: 'argument': truncation from 'double' to 'float'
D:\CG\LapuOpenGL\OpenGLLab\OpenGLLab\main.cpp(153,51): warning C4305: 'argument': truncation from 'double' to 'float'
D:\CG\LapuOpenGL\OpenGLLab\OpenGLLab\main.cpp(162,50): warning C4305: 'argument': truncation from 'double' to 'float'
D:\CG\LapuOpenGL\OpenGLLab\OpenGLLab\main.cpp(301,11): warning C4244: '=': conversion from 'double' to 'float', possible loss of data
D:\CG\LapuOpenGL\OpenGLLab\OpenGLLab\main.cpp(302,11): warning C4244: '=': conversion from 'double' to 'float', possible loss of data
D:\CG\LapuOpenGL\OpenGLLab\OpenGLLab\main.cpp(306,16): warning C4244: 'initializing': conversion from 'double' to 'float', possible loss of data
D:\CG\LapuOpenGL\OpenGLLab\OpenGLLab\main.cpp(307,16): warning C4244: 'initializing': conversion from 'double' to 'float', possible loss of data
D:\CG\LapuOpenGL\OpenGLLab\OpenGLLab\main.cpp(309,10): warning C4244: '=': conversion from 'double' to 'float', possible loss of data
D:\CG\LapuOpenGL\OpenGLLab\OpenGLLab\main.cpp(310,10): warning C4244: '=': conversion from 'double' to 'float', possible loss of data
D:\CG\LapuOpenGL\OpenGLLab\OpenGLLab\main.cpp(319,28): warning C4244: 'argument': conversion from 'double' to 'float', possible loss of data
LINK : warning LNK4098: defaultlib 'MSVCRT' conflicts with use of other libs; use /NODEFAULTLIB:library
main.obj : error LNK2019: unresolved external symbol "public: __cdecl Assimp::Importer::Importer(void)" (??0Importer@Assimp@@QEAA@XZ) referenced in function "private: void __cdecl Model::loadModel(class std::basic_string<char,struct std::char_traits<char>,class std::allocator<char> > const &)" (?loadModel@Model@@AEAAXAEBV?$basic_string@DU?$char_traits@D@std@@V?$allocator@D@2@@std@@@Z)
main.obj : error LNK2019: unresolved external symbol "public: __cdecl Assimp::Importer::~Importer(void)" (??1Importer@Assimp@@QEAA@XZ) referenced in function "private: void __cdecl Model::loadModel(class std::basic_string<char,struct std::char_traits<char>,class std::allocator<char> > const &)" (?loadModel@Model@@AEAAXAEBV?$basic_string@DU?$char_traits@D@std@@V?$allocator@D@2@@std@@@Z)
main.obj : error LNK2019: unresolved external symbol "public: struct aiScene const * __cdecl Assimp::Importer::ReadFile(char const *,unsigned int)" (?ReadFile@Importer@Assimp@@QEAAPEBUaiScene@@PEBDI@Z) referenced in function "public: struct aiScene const * __cdecl Assimp::Importer::ReadFile(class std::basic_string<char,struct std::char_traits<char>,class std::allocator<char> > const &,unsigned int)" (?ReadFile@Importer@Assimp@@QEAAPEBUaiScene@@AEBV?$basic_string@DU?$char_traits@D@std@@V?$allocator@D@2@@std@@I@Z)
main.obj : error LNK2019: unresolved external symbol "public: char const * __cdecl Assimp::Importer::GetErrorString(void)const " (?GetErrorString@Importer@Assimp@@QEBAPEBDXZ) referenced in function "private: void __cdecl Model::loadModel(class std::basic_string<char,struct std::char_traits<char>,class std::allocator<char> > const &)" (?loadModel@Model@@AEAAXAEBV?$basic_string@DU?$char_traits@D@std@@V?$allocator@D@2@@std@@@Z)
main.obj : error LNK2019: unresolved external symbol aiGetMaterialTextureCount referenced in function "public: unsigned int __cdecl aiMaterial::GetTextureCount(enum aiTextureType)const " (?GetTextureCount@aiMaterial@@QEBAIW4aiTextureType@@@Z)
main.obj : error LNK2019: unresolved external symbol aiGetMaterialTexture referenced in function "public: enum aiReturn __cdecl aiMaterial::GetTexture(enum aiTextureType,unsigned int,struct aiString *,enum aiTextureMapping *,unsigned int *,double *,enum aiTextureOp *,enum aiTextureMapMode *)const " (?GetTexture@aiMaterial@@QEBA?AW4aiReturn@@W4aiTextureType@@IPEAUaiString@@PEAW4aiTextureMapping@@PEAIPEANPEAW4aiTextureOp@@PEAW4aiTextureMapMode@@@Z)
D:\CG\LapuOpenGL\OpenGLLab\x64\Debug\OpenGLLab.exe : fatal error LNK1120: 6 unresolved externals
