  Building Custom Rule C:/Users/Admin/Desktop/OpenGLLab/assimp-master/assimp-master/contrib/zlib/CMakeLists.txt
cl : command line warning D9002: ignoring unknown option '-g'
cl : command line warning D9002: ignoring unknown option '-O0'
cl : command line warning D9002: ignoring unknown option '-fprofile-arcs'
cl : command line warning D9002: ignoring unknown option '-ftest-coverage'
cl : command line warning D9002: ignoring unknown option '-g'
cl : command line warning D9002: ignoring unknown option '-O0'
cl : command line warning D9002: ignoring unknown option '-fprofile-arcs'
  adler32.c
cl : command line warning D9002: ignoring unknown option '-ftest-coverage'
cl : command line warning D9002: ignoring unknown option '-g'
cl : command line warning D9002: ignoring unknown option '-O0'
cl : command line warning D9002: ignoring unknown option '-fprofile-arcs'
  compress.c
cl : command line warning D9002: ignoring unknown option '-ftest-coverage'
cl : command line warning D9002: ignoring unknown option '-g'
cl : command line warning D9002: ignoring unknown option '-O0'
cl : command line warning D9002: ignoring unknown option '-fprofile-arcs'
  crc32.c
cl : command line warning D9002: ignoring unknown option '-ftest-coverage'
cl : command line warning D9002: ignoring unknown option '-g'
cl : command line warning D9002: ignoring unknown option '-O0'
cl : command line warning D9002: ignoring unknown option '-fprofile-arcs'
  deflate.c
cl : command line warning D9002: ignoring unknown option '-ftest-coverage'
cl : command line warning D9002: ignoring unknown option '-g'
cl : command line warning D9002: ignoring unknown option '-O0'
cl : command line warning D9002: ignoring unknown option '-fprofile-arcs'
  gzclose.c
cl : command line warning D9002: ignoring unknown option '-ftest-coverage'
cl : command line warning D9002: ignoring unknown option '-g'
cl : command line warning D9002: ignoring unknown option '-O0'
cl : command line warning D9002: ignoring unknown option '-fprofile-arcs'
  gzlib.c
  gzread.c
  gzwrite.c
  inflate.c
  infback.c
  inftrees.c
  inffast.c
  trees.c
  uncompr.c
  zutil.c
cl : command line warning D9002: ignoring unknown option '-ftest-coverage'
     Creating library C:/Users/Admin/Desktop/OpenGLLab/assimp-master/assimp-master/build/contrib/zlib/Debug/zlibd.lib and object C:/Users/Admin/Desktop/OpenGLLab/assimp-master/assimp-master/build/contrib/zlib/Debug/zlibd.exp
  zlib.vcxproj -> C:\Users\Admin\Desktop\OpenGLLab\assimp-master\assimp-master\build\contrib\zlib\Debug\zlibd.dll
