d:\cg\lapuopengl\cursework project\opengllab\x64\release\vc142.pdb
d:\cg\lapuopengl\cursework project\opengllab\x64\release\stb_image.obj
d:\cg\lapuopengl\cursework project\opengllab\x64\release\source.obj
d:\cg\lapuopengl\cursework project\opengllab\x64\release\renderer.obj
d:\cg\lapuopengl\cursework project\opengllab\x64\release\imgui_widgets.obj
d:\cg\lapuopengl\cursework project\opengllab\x64\release\imgui_impl_opengl3.obj
d:\cg\lapuopengl\cursework project\opengllab\x64\release\imgui_impl_glfw.obj
d:\cg\lapuopengl\cursework project\opengllab\x64\release\imgui_draw.obj
d:\cg\lapuopengl\cursework project\opengllab\x64\release\imgui_demo.obj
d:\cg\lapuopengl\cursework project\opengllab\x64\release\imgui.obj
d:\cg\lapuopengl\cursework project\opengllab\x64\release\copy.obj
d:\cg\lapuopengl\cursework project\opengllab\x64\release\main.obj
d:\cg\lapuopengl\cursework project\x64\release\opengllab.exe
d:\cg\lapuopengl\cursework project\x64\release\opengllab.pdb
d:\cg\lapuopengl\cursework project\x64\release\opengllab.ipdb
d:\cg\lapuopengl\cursework project\x64\release\opengllab.iobj
d:\cg\lapuopengl\cursework project\opengllab\x64\release\opengllab.tlog\cl.command.1.tlog
d:\cg\lapuopengl\cursework project\opengllab\x64\release\opengllab.tlog\cl.read.1.tlog
d:\cg\lapuopengl\cursework project\opengllab\x64\release\opengllab.tlog\cl.write.1.tlog
d:\cg\lapuopengl\cursework project\opengllab\x64\release\opengllab.tlog\link.command.1.tlog
d:\cg\lapuopengl\cursework project\opengllab\x64\release\opengllab.tlog\link.delete.1.tlog
d:\cg\lapuopengl\cursework project\opengllab\x64\release\opengllab.tlog\link.read.1.tlog
d:\cg\lapuopengl\cursework project\opengllab\x64\release\opengllab.tlog\link.write.1.tlog
d:\cg\lapuopengl\cursework project\opengllab\x64\release\opengllab.tlog\opengllab.write.1u.tlog
